2.09879
2.26729
2.84503
1.87026
1.64263
1.88746
2.24384
1.67100
1.96426
1.47729
2.11118
2.22484
1.95941
2.19859
2.21050
1.94530
2.26911
1.54662
0.90550
1.49454
1.91757
1.67477
2.44949
2.37674
0.35578
0.45688
1.75068
2.21346
1.38442
1.75318
1.45606
2.20799
0.33697
2.41826
1.69052
2.93131
1.61916
1.93463
1.98231
0.84529
2.44188
1.51283
1.76609
1.77370
2.63578
2.24050
2.23022
1.89389
1.68682
0.34447
2.05965
1.94980
2.30470
1.53210
2.65278
0.30633
2.27656
2.46108
1.47223
1.92541
2.01731
2.88692
1.97049
1.96455
1.68692
1.52868
1.52418
1.93604
2.49752
2.03127
1.92400
1.90824
2.35486
2.33263
1.68741
1.56823
2.70385
2.80951
2.11226
2.33675
2.36833
1.66173
2.53690
2.50994
1.97664
0.64319
1.57198
1.54989
0.65483
0.42963
2.61719
1.89329
2.49663
2.05027
0.95701
2.06849
2.76155
1.88255
1.87475
2.51178
2.23517
2.03865
1.89629
1.50260
2.38081
1.49426
2.60775
2.28326
2.23987
1.54578
2.09493
1.81153
1.74894
1.57262
1.56393
2.21917
1.74273
1.87946
0.25300
2.23936
1.39860
1.59223
2.50632
2.47189
1.47883
2.11748
1.66734
2.06154
2.04220
2.07011
2.39580
2.69284
1.82882
2.23724
0.40110
2.05482
0.48506
2.15371
1.68361
2.01290
1.42055
1.30724
1.90848
2.37139
2.89911
2.50898
1.49584
1.99593
1.58875
1.81113
2.21699
1.57992
1.74726
1.85509
2.29364
1.69712
1.45092
1.41891
1.85170
3.24423
2.04289
1.85157
1.60614
1.80335
1.74239
1.53061
1.87117
2.03043
1.99043
1.79297
1.90388
2.38368
1.47687
1.90635
2.75728
1.67557
2.33141
1.82725
1.91011
2.31634
1.33607
1.47182
1.79700
2.29733
1.74789
1.87262
2.82349
2.00959
2.21061
