2.88244
3.04570
3.64783
2.57073
2.46201
2.50634
3.09536
2.43776
3.09760
2.34981
2.95061
3.11753
2.99026
3.16073
3.01110
2.50157
2.87827
2.48544
1.29015
2.22633
2.87563
2.58750
2.94746
2.71773
0.77262
0.99102
2.71966
2.86767
2.17293
2.35430
2.08557
2.89981
0.83221
3.34643
2.36677
3.61961
2.50936
2.82146
2.68962
1.24393
3.41276
2.33887
2.66710
2.23620
3.44032
2.97893
2.94854
2.54320
2.26384
0.65931
2.80209
2.65501
2.90543
2.55422
3.33714
0.65249
2.93276
3.51972
2.35936
2.42301
2.84007
3.63997
2.62439
2.61466
2.41231
2.35918
2.23487
2.93179
3.04920
2.99868
2.62136
2.79294
3.32546
2.75188
2.64274
2.54168
3.42684
3.62964
2.92816
2.74887
3.23419
2.56620
3.22455
3.53195
2.66167
1.01188
2.44885
2.33434
0.96577
0.62213
3.60462
2.68336
3.09540
2.51088
1.26099
3.13822
3.17443
2.67650
2.55328
3.04956
2.80533
2.62589
2.61017
2.28963
2.82093
2.21649
2.83112
3.09739
2.95580
2.19699
2.59578
2.33548
2.65908
2.33129
2.65667
2.81958
2.64460
2.56077
0.61372
2.93173
2.24987
2.35713
3.19599
2.97052
2.35878
2.92727
2.66219
2.68077
2.83796
2.83845
3.51946
3.27239
2.64837
2.81977
0.75337
3.03952
0.72293
2.69608
2.50123
2.85125
2.18125
2.35616
2.65099
3.48681
3.87679
3.15667
2.24130
2.81846
2.43072
2.62328
2.69928
2.37026
2.17211
2.69959
3.19554
2.28588
2.08460
2.36118
2.87178
3.53501
3.10555
2.56150
2.37343
2.66759
2.46180
2.29651
2.79589
2.83883
3.10637
2.79323
2.45990
3.22568
2.44368
2.50346
3.53209
2.42032
3.30879
2.62555
2.72291
3.10060
2.10445
2.48095
2.56273
3.42053
2.32694
2.49720
3.52143
2.96864
2.88723
