2.68537
2.69197
3.41101
2.19131
2.09644
2.37001
2.89582
2.10194
2.67405
2.04315
2.69888
2.84616
2.57488
2.80891
2.81723
2.28140
2.68713
2.15777
1.20929
1.89333
2.55600
2.30606
2.77786
2.46712
0.59725
0.77632
2.45226
2.64384
1.88299
2.06972
1.81617
2.61992
0.62725
3.07568
1.99941
3.41523
2.21330
2.42635
2.43450
1.09249
3.06095
2.05165
2.40178
2.11088
3.04913
2.65211
2.67731
2.33605
2.00683
0.48600
2.60214
2.36802
2.74533
2.20155
3.11627
0.59282
2.75253
3.19560
2.03281
2.14473
2.47845
3.47409
2.43415
2.37472
2.13278
2.04494
1.97412
2.69685
2.86768
2.62978
2.49000
2.48220
2.92633
2.52905
2.20214
2.12691
3.18583
3.34261
2.60539
2.51158
2.91680
2.33949
2.88206
3.24857
2.41652
0.82326
2.00463
2.06400
0.78076
0.48317
3.28742
2.40943
2.92349
2.33115
1.05422
2.79135
3.03767
2.38247
2.24354
2.84015
2.62546
2.35967
2.34688
1.96245
2.60919
1.92918
2.69738
2.79219
2.64701
1.95575
2.31503
2.08935
2.30797
1.98864
2.07693
2.57435
2.40729
2.32693
0.43500
2.70573
1.95440
2.01740
2.91644
2.81803
2.03858
2.75476
2.27177
2.45600
2.64610
2.56611
3.14857
3.12631
2.38609
2.54910
0.62356
2.64848
0.61139
2.38690
2.14317
2.57625
1.89710
1.88146
2.30290
3.04962
3.59323
2.90461
1.87008
2.51380
2.07856
2.31654
2.56784
2.08487
1.92108
2.45070
2.83696
2.04585
1.70004
2.01874
2.49463
3.32894
2.89546
2.27763
2.18856
2.49125
2.18572
1.93368
2.50842
2.44869
2.76388
2.42419
2.20156
2.94355
2.12778
2.20273
3.28260
2.09635
2.96289
2.34862
2.37107
2.53407
1.83615
2.19113
2.32149
3.21323
2.07399
2.21754
3.29021
2.62220
2.51695
